{"/Users/jiayali/Desktop/learn-antd-source/learn-antd-source/react-test/button.js": {"path":"/Users/jiayali/Desktop/learn-antd-source/learn-antd-source/react-test/button.js","statementMap":{"0":{"start":{"line":5,"column":8},"end":{"line":7,"column":9}}},"fnMap":{"0":{"name":"(anonymous_0)","decl":{"start":{"line":4,"column":4},"end":{"line":4,"column":5}},"loc":{"start":{"line":4,"column":12},"end":{"line":8,"column":5}},"line":4}},"branchMap":{},"s":{"0":2},"f":{"0":2},"b":{},"_coverageSchema":"43e27e138ebf9cfc5966b082cf9a028302ed4184","hash":"866d20dec4e8e4b1a3b9dabac8f05ba83d31dae3"}
}
