{"/Users/jiayali/Desktop/learn-antd-source/learn-antd-source/react-test-Enzyme/TodoTextInput.js": {"path":"/Users/jiayali/Desktop/learn-antd-source/learn-antd-source/react-test-Enzyme/TodoTextInput.js","statementMap":{"0":{"start":{"line":6,"column":21},"end":{"line":12,"column":3}},"1":{"start":{"line":14,"column":10},"end":{"line":16,"column":3}},"2":{"start":{"line":18,"column":17},"end":{"line":26,"column":3}},"3":{"start":{"line":19,"column":17},"end":{"line":19,"column":38}},"4":{"start":{"line":20,"column":4},"end":{"line":25,"column":5}},"5":{"start":{"line":21,"column":6},"end":{"line":21,"column":29}},"6":{"start":{"line":22,"column":6},"end":{"line":24,"column":7}},"7":{"start":{"line":23,"column":8},"end":{"line":23,"column":35}},"8":{"start":{"line":28,"column":17},"end":{"line":30,"column":3}},"9":{"start":{"line":29,"column":4},"end":{"line":29,"column":43}},"10":{"start":{"line":32,"column":15},"end":{"line":36,"column":3}},"11":{"start":{"line":33,"column":4},"end":{"line":35,"column":5}},"12":{"start":{"line":34,"column":6},"end":{"line":34,"column":39}},"13":{"start":{"line":39,"column":4},"end":{"line":53,"column":5}}},"fnMap":{"0":{"name":"(anonymous_0)","decl":{"start":{"line":18,"column":17},"end":{"line":18,"column":18}},"loc":{"start":{"line":18,"column":22},"end":{"line":26,"column":3}},"line":18},"1":{"name":"(anonymous_1)","decl":{"start":{"line":28,"column":17},"end":{"line":28,"column":18}},"loc":{"start":{"line":28,"column":22},"end":{"line":30,"column":3}},"line":28},"2":{"name":"(anonymous_2)","decl":{"start":{"line":32,"column":15},"end":{"line":32,"column":16}},"loc":{"start":{"line":32,"column":20},"end":{"line":36,"column":3}},"line":32},"3":{"name":"(anonymous_3)","decl":{"start":{"line":38,"column":2},"end":{"line":38,"column":3}},"loc":{"start":{"line":38,"column":11},"end":{"line":54,"column":3}},"line":38}},"branchMap":{"0":{"loc":{"start":{"line":15,"column":10},"end":{"line":15,"column":31}},"type":"binary-expr","locations":[{"start":{"line":15,"column":10},"end":{"line":15,"column":25}},{"start":{"line":15,"column":29},"end":{"line":15,"column":31}}],"line":15},"1":{"loc":{"start":{"line":20,"column":4},"end":{"line":25,"column":5}},"type":"if","locations":[{"start":{"line":20,"column":4},"end":{"line":25,"column":5}},{"start":{"line":20,"column":4},"end":{"line":25,"column":5}}],"line":20},"2":{"loc":{"start":{"line":22,"column":6},"end":{"line":24,"column":7}},"type":"if","locations":[{"start":{"line":22,"column":6},"end":{"line":24,"column":7}},{"start":{"line":22,"column":6},"end":{"line":24,"column":7}}],"line":22},"3":{"loc":{"start":{"line":33,"column":4},"end":{"line":35,"column":5}},"type":"if","locations":[{"start":{"line":33,"column":4},"end":{"line":35,"column":5}},{"start":{"line":33,"column":4},"end":{"line":35,"column":5}}],"line":33}},"s":{"0":2,"1":10,"2":10,"3":3,"4":3,"5":2,"6":2,"7":1,"8":10,"9":1,"10":10,"11":2,"12":1,"13":12},"f":{"0":3,"1":1,"2":2,"3":12},"b":{"0":[10,9],"1":[2,1],"2":[1,1],"3":[1,1]},"_coverageSchema":"43e27e138ebf9cfc5966b082cf9a028302ed4184","hash":"1ed6ec89e05c408191de8d486aa617de8e1debce"}
,"/Users/jiayali/Desktop/learn-antd-source/learn-antd-source/react-test-Enzyme/button.js": {"path":"/Users/jiayali/Desktop/learn-antd-source/learn-antd-source/react-test-Enzyme/button.js","statementMap":{"0":{"start":{"line":5,"column":8},"end":{"line":7,"column":9}}},"fnMap":{"0":{"name":"(anonymous_0)","decl":{"start":{"line":4,"column":4},"end":{"line":4,"column":5}},"loc":{"start":{"line":4,"column":12},"end":{"line":8,"column":5}},"line":4}},"branchMap":{},"s":{"0":2},"f":{"0":2},"b":{},"_coverageSchema":"43e27e138ebf9cfc5966b082cf9a028302ed4184","hash":"93e85356b4cecbbaffd4e819243b8dfad0d31fa5"}
}
